Using pre-set license
Built from '2021.3/staging' branch; Version is '2021.3.14f1 (eee1884e7226) revision 15655304'; Using compiler version '192829333'; Build Type 'Release'
OS: 'Windows 10  (10.0.19044) 64bit Education' Language: 'en' Physical Memory: 7531 MB
BatchMode: 1, IsHumanControllingUs: 0, StartBugReporterOnCrash: 0, Is64bit: 1, IsPro: 1

COMMAND LINE ARGUMENTS:
C:\Program Files\Unity\Hub\Editor\2021.3.14f1\Editor\Unity.exe
-adb2
-batchMode
-noUpm
-name
AssetImportWorker0
-projectPath
C:/mACABRE iSLAND/POE/Horror Game POE
-logFile
Logs/AssetImportWorker0.log
-srvPort
55736
Successfully changed project path to: C:/mACABRE iSLAND/POE/Horror Game POE
C:/mACABRE iSLAND/POE/Horror Game POE
[UnityMemory] Configuration Parameters - Can be set up in boot.config
    "memorysetup-bucket-allocator-granularity=16"
    "memorysetup-bucket-allocator-bucket-count=8"
    "memorysetup-bucket-allocator-block-size=33554432"
    "memorysetup-bucket-allocator-block-count=8"
    "memorysetup-main-allocator-block-size=16777216"
    "memorysetup-thread-allocator-block-size=16777216"
    "memorysetup-gfx-main-allocator-block-size=16777216"
    "memorysetup-gfx-thread-allocator-block-size=16777216"
    "memorysetup-cache-allocator-block-size=4194304"
    "memorysetup-typetree-allocator-block-size=2097152"
    "memorysetup-profiler-bucket-allocator-granularity=16"
    "memorysetup-profiler-bucket-allocator-bucket-count=8"
    "memorysetup-profiler-bucket-allocator-block-size=33554432"
    "memorysetup-profiler-bucket-allocator-block-count=8"
    "memorysetup-profiler-allocator-block-size=16777216"
    "memorysetup-profiler-editor-allocator-block-size=1048576"
    "memorysetup-temp-allocator-size-main=16777216"
    "memorysetup-job-temp-allocator-block-size=2097152"
    "memorysetup-job-temp-allocator-block-size-background=1048576"
    "memorysetup-job-temp-allocator-reduction-small-platforms=262144"
    "memorysetup-temp-allocator-size-background-worker=32768"
    "memorysetup-temp-allocator-size-job-worker=262144"
    "memorysetup-temp-allocator-size-preload-manager=33554432"
    "memorysetup-temp-allocator-size-nav-mesh-worker=65536"
    "memorysetup-temp-allocator-size-audio-worker=65536"
    "memorysetup-temp-allocator-size-cloud-worker=32768"
    "memorysetup-temp-allocator-size-gi-baking-worker=262144"
    "memorysetup-temp-allocator-size-gfx=262144"
Refreshing native plugins compatible for Editor in 65.91 ms, found 1 plugins.
Preloading 0 native plugins for Editor in 0.00 ms.
Initialize engine version: 2021.3.14f1 (eee1884e7226)
[Subsystems] Discovering subsystems at path C:/Program Files/Unity/Hub/Editor/2021.3.14f1/Editor/Data/Resources/UnitySubsystems
[Subsystems] Discovering subsystems at path C:/mACABRE iSLAND/POE/Horror Game POE/Assets
GfxDevice: creating device client; threaded=0; jobified=0
Direct3D:
    Version:  Direct3D 11.0 [level 11.1]
    Renderer: AMD Radeon(TM) Graphics (ID=0x1638)
    Vendor:   ATI
    VRAM:     3765 MB
    Driver:   30.0.14030.4003
Initialize mono
Mono path[0] = 'C:/Program Files/Unity/Hub/Editor/2021.3.14f1/Editor/Data/Managed'
Mono path[1] = 'C:/Program Files/Unity/Hub/Editor/2021.3.14f1/Editor/Data/MonoBleedingEdge/lib/mono/unityjit-win32'
Mono config path = 'C:/Program Files/Unity/Hub/Editor/2021.3.14f1/Editor/Data/MonoBleedingEdge/etc'
Using monoOptions --debugger-agent=transport=dt_socket,embedding=1,server=y,suspend=n,address=127.0.0.1:56636
Begin MonoManager ReloadAssembly
Registering precompiled unity dll's ...
Register platform support module: C:/Program Files/Unity/Hub/Editor/2021.3.14f1/Editor/Data/PlaybackEngines/WindowsStandaloneSupport/UnityEditor.WindowsStandalone.Extensions.dll
Registered in 0.011921 seconds.
Native extension for WindowsStandalone target not found
Refreshing native plugins compatible for Editor in 55.68 ms, found 1 plugins.
Preloading 0 native plugins for Editor in 0.00 ms.
Mono: successfully reloaded assembly
- Completed reload, in  0.617 seconds
Domain Reload Profiling:
	ReloadAssembly (618ms)
		BeginReloadAssembly (93ms)
			ExecutionOrderSort (0ms)
			DisableScriptedObjects (0ms)
			BackupInstance (0ms)
			ReleaseScriptingObjects (0ms)
			CreateAndSetChildDomain (1ms)
		EndReloadAssembly (406ms)
			LoadAssemblies (89ms)
			RebuildTransferFunctionScriptingTraits (1ms)
			SetupTypeCache (88ms)
			ReleaseScriptCaches (0ms)
			RebuildScriptCaches (20ms)
			SetupLoadedEditorAssemblies (244ms)
				LogAssemblyErrors (0ms)
				InitializePlatformSupportModulesInManaged (9ms)
				SetLoadedEditorAssemblies (0ms)
				RefreshPlugins (56ms)
				BeforeProcessingInitializeOnLoad (2ms)
				ProcessInitializeOnLoadAttributes (128ms)
				ProcessInitializeOnLoadMethodAttributes (48ms)
				AfterProcessingInitializeOnLoad (0ms)
				EditorAssembliesLoaded (0ms)
			ExecutionOrderSort2 (0ms)
			AwakeInstancesAfterBackupRestoration (0ms)
Platform modules already initialized, skipping
Registering precompiled user dll's ...
Registered in 0.008343 seconds.
Begin MonoManager ReloadAssembly
Native extension for WindowsStandalone target not found
Refreshing native plugins compatible for Editor in 0.42 ms, found 1 plugins.
Preloading 0 native plugins for Editor in 0.00 ms.
Mono: successfully reloaded assembly
- Completed reload, in  0.840 seconds
Domain Reload Profiling:
	ReloadAssembly (841ms)
		BeginReloadAssembly (150ms)
			ExecutionOrderSort (0ms)
			DisableScriptedObjects (6ms)
			BackupInstance (0ms)
			ReleaseScriptingObjects (0ms)
			CreateAndSetChildDomain (24ms)
		EndReloadAssembly (584ms)
			LoadAssemblies (137ms)
			RebuildTransferFunctionScriptingTraits (0ms)
			SetupTypeCache (164ms)
			ReleaseScriptCaches (1ms)
			RebuildScriptCaches (38ms)
			SetupLoadedEditorAssemblies (243ms)
				LogAssemblyErrors (0ms)
				InitializePlatformSupportModulesInManaged (7ms)
				SetLoadedEditorAssemblies (0ms)
				RefreshPlugins (1ms)
				BeforeProcessingInitializeOnLoad (71ms)
				ProcessInitializeOnLoadAttributes (134ms)
				ProcessInitializeOnLoadMethodAttributes (16ms)
				AfterProcessingInitializeOnLoad (14ms)
				EditorAssembliesLoaded (0ms)
			ExecutionOrderSort2 (0ms)
			AwakeInstancesAfterBackupRestoration (13ms)
Platform modules already initialized, skipping
========================================================================
Worker process is ready to serve import requests
Launched and connected shader compiler UnityShaderCompiler.exe after 0.09 seconds
Refreshing native plugins compatible for Editor in 0.57 ms, found 1 plugins.
Preloading 0 native plugins for Editor in 0.00 ms.
Unloading 2863 Unused Serialized files (Serialized files now loaded: 0)
Unloading 22 unused Assets / (1.0 MB). Loaded Objects now: 3349.
Memory consumption went from 127.5 MB to 126.5 MB.
Total: 3.294200 ms (FindLiveObjects: 0.344600 ms CreateObjectMapping: 0.123000 ms MarkObjects: 2.442000 ms  DeleteObjects: 0.383500 ms)

AssetImportParameters requested are different than current active one (requested -> active):
  custom:video-decoder-ogg-theora: a1e56fd34408186e4bbccfd4996cb3dc -> 
  custom:container-muxer-webm: aa71ff27fc2769a1b78a27578f13a17b -> 
  custom:container-demuxer-webm: 4f35f7cbe854078d1ac9338744f61a02 -> 
  custom:video-encoder-webm-vp8: eb34c28f22e8b96e1ab97ce403110664 -> 
  custom:audio-encoder-webm-vorbis: bf7c407c2cedff20999df2af8eb42d56 -> 
  custom:framework-win-MediaFoundation: 216162199b28c13a410421893ffa2e32 -> 
  custom:container-demuxer-ogg: 62fdf1f143b41e24485cea50d1cbac27 -> 
  custom:video-decoder-webm-vp8: 9c59270c3fd7afecdb556c50c9e8de78 -> 
  custom:audio-decoder-ogg-vorbis: bf7c407c2cedff20999df2af8eb42d56 -> 
========================================================================
Received Import Request.
  Time since last request: 2382.106161 seconds.
  path: Assets/Flooded_Grounds/Prefabs/Backgrounds/BGR_Factory_B.prefab
  artifactKey: Guid(6af6d0b9ef2bca54cb04f979d921648d) Importer(815301076,1909f56bfc062723c751e8b465ee728b)
Start importing Assets/Flooded_Grounds/Prefabs/Backgrounds/BGR_Factory_B.prefab using Guid(6af6d0b9ef2bca54cb04f979d921648d) Importer(815301076,1909f56bfc062723c751e8b465ee728b)  -> (artifact id: '9b0ad4602c45c7e7e0098a5c1b08ceb3') in 0.305949 seconds 
========================================================================
Received Import Request.
  Time since last request: 0.000041 seconds.
  path: Assets/Flooded_Grounds/Prefabs/Backgrounds/BGR_LargePipe_A.prefab
  artifactKey: Guid(a3afb07f3df9b5e4a8c5d28803a625eb) Importer(815301076,1909f56bfc062723c751e8b465ee728b)
Start importing Assets/Flooded_Grounds/Prefabs/Backgrounds/BGR_LargePipe_A.prefab using Guid(a3afb07f3df9b5e4a8c5d28803a625eb) Importer(815301076,1909f56bfc062723c751e8b465ee728b)  -> (artifact id: 'c4d86b8dd8fcb97769df0b758d773b70') in 0.120996 seconds 
========================================================================
Received Import Request.
  Time since last request: 0.000107 seconds.
  path: Assets/Flooded_Grounds/Prefabs/Sounds/2D_Wind.prefab
  artifactKey: Guid(01ac61172cf97144dbbfbc83fc317917) Importer(815301076,1909f56bfc062723c751e8b465ee728b)
Start importing Assets/Flooded_Grounds/Prefabs/Sounds/2D_Wind.prefab using Guid(01ac61172cf97144dbbfbc83fc317917) Importer(815301076,1909f56bfc062723c751e8b465ee728b)  -> (artifact id: '905bbb4b6cc6292c8881cc5350f57b68') in 0.010337 seconds 
========================================================================
Received Import Request.
  Time since last request: 0.000044 seconds.
  path: Assets/Flooded_Grounds/Prefabs/Sounds/3D_LeafRustle.prefab
  artifactKey: Guid(506eda1dc7aad5742b90e680c7fb5ed3) Importer(815301076,1909f56bfc062723c751e8b465ee728b)
Start importing Assets/Flooded_Grounds/Prefabs/Sounds/3D_LeafRustle.prefab using Guid(506eda1dc7aad5742b90e680c7fb5ed3) Importer(815301076,1909f56bfc062723c751e8b465ee728b)  -> (artifact id: '35fcac4150f5b99b20493cf9f3ce0ab0') in 0.007081 seconds 
========================================================================
Received Import Request.
  Time since last request: 0.000038 seconds.
  path: Assets/Flooded_Grounds/Prefabs/Atmospherics/ATM_Leaves_B.prefab
  artifactKey: Guid(ab1d7b194de648340a71ccc21062a218) Importer(815301076,1909f56bfc062723c751e8b465ee728b)
Start importing Assets/Flooded_Grounds/Prefabs/Atmospherics/ATM_Leaves_B.prefab using Guid(ab1d7b194de648340a71ccc21062a218) Importer(815301076,1909f56bfc062723c751e8b465ee728b)  -> (artifact id: 'f14ce050a0dd74641e21941af099adba') in 0.036240 seconds 
========================================================================
Received Import Request.
  Time since last request: 0.000028 seconds.
  path: Assets/Flooded_Grounds/Prefabs/Sounds/3D_WindHowl.prefab
  artifactKey: Guid(81d633455a8cc814e89ff68eb1deb8e7) Importer(815301076,1909f56bfc062723c751e8b465ee728b)
Start importing Assets/Flooded_Grounds/Prefabs/Sounds/3D_WindHowl.prefab using Guid(81d633455a8cc814e89ff68eb1deb8e7) Importer(815301076,1909f56bfc062723c751e8b465ee728b)  -> (artifact id: '78a963b6045bd9b32ec820d9ef37dac1') in 0.008914 seconds 
========================================================================
Received Import Request.
  Time since last request: 0.000030 seconds.
  path: Assets/Flooded_Grounds/Prefabs/Sounds/2D_Background.prefab
  artifactKey: Guid(6bdc6aa17790f464bbae0911783dbf7c) Importer(815301076,1909f56bfc062723c751e8b465ee728b)
Start importing Assets/Flooded_Grounds/Prefabs/Sounds/2D_Background.prefab using Guid(6bdc6aa17790f464bbae0911783dbf7c) Importer(815301076,1909f56bfc062723c751e8b465ee728b)  -> (artifact id: '467df02ff32bd204f25c068b8844482e') in 0.005386 seconds 
========================================================================
Received Import Request.
  Time since last request: 0.000030 seconds.
  path: Assets/Flooded_Grounds/Prefabs/Buildings/Bridge/BLD_Bridge_B.prefab
  artifactKey: Guid(6f60540659e8d0040aaae31620c1ac44) Importer(815301076,1909f56bfc062723c751e8b465ee728b)
Start importing Assets/Flooded_Grounds/Prefabs/Buildings/Bridge/BLD_Bridge_B.prefab using Guid(6f60540659e8d0040aaae31620c1ac44) Importer(815301076,1909f56bfc062723c751e8b465ee728b)  -> (artifact id: '17fd75257be7472437f08c4d54828001') in 0.551087 seconds 
========================================================================
Received Import Request.
  Time since last request: 0.000036 seconds.
  path: Assets/Flooded_Grounds/Content/Trees/SrcPrefabs/Branch3.prefab
  artifactKey: Guid(1b8285b421bb99c43bc3f0772cafb3a3) Importer(815301076,1909f56bfc062723c751e8b465ee728b)
Start importing Assets/Flooded_Grounds/Content/Trees/SrcPrefabs/Branch3.prefab using Guid(1b8285b421bb99c43bc3f0772cafb3a3) Importer(815301076,1909f56bfc062723c751e8b465ee728b)  -> (artifact id: '976f85c0f3656bab7d67cad0ff3e5cb4') in 0.160561 seconds 
========================================================================
Received Import Request.
  Time since last request: 0.000046 seconds.
  path: Assets/Flooded_Grounds/Prefabs/Backgrounds/BGR_Pipe_A.prefab
  artifactKey: Guid(babcc1aaacfd18a43aa346a87c9002f0) Importer(815301076,1909f56bfc062723c751e8b465ee728b)
Start importing Assets/Flooded_Grounds/Prefabs/Backgrounds/BGR_Pipe_A.prefab using Guid(babcc1aaacfd18a43aa346a87c9002f0) Importer(815301076,1909f56bfc062723c751e8b465ee728b)  -> (artifact id: 'abc28ebec125094842cd4830976d6191') in 0.105908 seconds 
========================================================================
Received Import Request.
  Time since last request: 0.000029 seconds.
  path: Assets/Flooded_Grounds/Prefabs/Sounds/3D_Taps.prefab
  artifactKey: Guid(5c7ab60be45c27348a11ef4a24df7c72) Importer(815301076,1909f56bfc062723c751e8b465ee728b)
Start importing Assets/Flooded_Grounds/Prefabs/Sounds/3D_Taps.prefab using Guid(5c7ab60be45c27348a11ef4a24df7c72) Importer(815301076,1909f56bfc062723c751e8b465ee728b)  -> (artifact id: '8eceec75410ef2f48dcfe8bd193fdf10') in 0.007574 seconds 
Editor requested this worker to shutdown with reason: Scaling down because of idle timeout
AssetImportWorker is now disconnected from the server
Process exiting
Exiting without the bug reporter. Application will terminate with return code 0