Using pre-set license
Built from '2021.3/staging' branch; Version is '2021.3.14f1 (eee1884e7226) revision 15655304'; Using compiler version '192829333'; Build Type 'Release'
OS: 'Windows 10  (10.0.19044) 64bit Education' Language: 'en' Physical Memory: 7531 MB
BatchMode: 1, IsHumanControllingUs: 0, StartBugReporterOnCrash: 0, Is64bit: 1, IsPro: 1

COMMAND LINE ARGUMENTS:
C:\Program Files\Unity\Hub\Editor\2021.3.14f1\Editor\Unity.exe
-adb2
-batchMode
-noUpm
-name
AssetImportWorker5
-projectPath
C:/macabre island/POE/Horror Game POE
-logFile
Logs/AssetImportWorker5.log
-srvPort
62516
Successfully changed project path to: C:/macabre island/POE/Horror Game POE
C:/macabre island/POE/Horror Game POE
[UnityMemory] Configuration Parameters - Can be set up in boot.config
    "memorysetup-bucket-allocator-granularity=16"
    "memorysetup-bucket-allocator-bucket-count=8"
    "memorysetup-bucket-allocator-block-size=33554432"
    "memorysetup-bucket-allocator-block-count=8"
    "memorysetup-main-allocator-block-size=16777216"
    "memorysetup-thread-allocator-block-size=16777216"
    "memorysetup-gfx-main-allocator-block-size=16777216"
    "memorysetup-gfx-thread-allocator-block-size=16777216"
    "memorysetup-cache-allocator-block-size=4194304"
    "memorysetup-typetree-allocator-block-size=2097152"
    "memorysetup-profiler-bucket-allocator-granularity=16"
    "memorysetup-profiler-bucket-allocator-bucket-count=8"
    "memorysetup-profiler-bucket-allocator-block-size=33554432"
    "memorysetup-profiler-bucket-allocator-block-count=8"
    "memorysetup-profiler-allocator-block-size=16777216"
    "memorysetup-profiler-editor-allocator-block-size=1048576"
    "memorysetup-temp-allocator-size-main=16777216"
    "memorysetup-job-temp-allocator-block-size=2097152"
    "memorysetup-job-temp-allocator-block-size-background=1048576"
    "memorysetup-job-temp-allocator-reduction-small-platforms=262144"
    "memorysetup-temp-allocator-size-background-worker=32768"
    "memorysetup-temp-allocator-size-job-worker=262144"
    "memorysetup-temp-allocator-size-preload-manager=33554432"
    "memorysetup-temp-allocator-size-nav-mesh-worker=65536"
    "memorysetup-temp-allocator-size-audio-worker=65536"
    "memorysetup-temp-allocator-size-cloud-worker=32768"
    "memorysetup-temp-allocator-size-gi-baking-worker=262144"
    "memorysetup-temp-allocator-size-gfx=262144"
Refreshing native plugins compatible for Editor in 77.67 ms, found 1 plugins.
Preloading 0 native plugins for Editor in 0.00 ms.
Initialize engine version: 2021.3.14f1 (eee1884e7226)
[Subsystems] Discovering subsystems at path C:/Program Files/Unity/Hub/Editor/2021.3.14f1/Editor/Data/Resources/UnitySubsystems
[Subsystems] Discovering subsystems at path C:/macabre island/POE/Horror Game POE/Assets
GfxDevice: creating device client; threaded=0; jobified=0
Direct3D:
    Version:  Direct3D 11.0 [level 11.1]
    Renderer: AMD Radeon(TM) Graphics (ID=0x1638)
    Vendor:   ATI
    VRAM:     3765 MB
    Driver:   30.0.14030.4003
Initialize mono
Mono path[0] = 'C:/Program Files/Unity/Hub/Editor/2021.3.14f1/Editor/Data/Managed'
Mono path[1] = 'C:/Program Files/Unity/Hub/Editor/2021.3.14f1/Editor/Data/MonoBleedingEdge/lib/mono/unityjit-win32'
Mono config path = 'C:/Program Files/Unity/Hub/Editor/2021.3.14f1/Editor/Data/MonoBleedingEdge/etc'
Using monoOptions --debugger-agent=transport=dt_socket,embedding=1,server=y,suspend=n,address=127.0.0.1:56760
Begin MonoManager ReloadAssembly
Registering precompiled unity dll's ...
Register platform support module: C:/Program Files/Unity/Hub/Editor/2021.3.14f1/Editor/Data/PlaybackEngines/WebGLSupport/UnityEditor.WebGL.Extensions.dll
Register platform support module: C:/Program Files/Unity/Hub/Editor/2021.3.14f1/Editor/Data/PlaybackEngines/WindowsStandaloneSupport/UnityEditor.WindowsStandalone.Extensions.dll
Registered in 0.013459 seconds.
Native extension for WindowsStandalone target not found
Native extension for WebGL target not found
Refreshing native plugins compatible for Editor in 73.61 ms, found 1 plugins.
Preloading 0 native plugins for Editor in 0.00 ms.
Mono: successfully reloaded assembly
- Completed reload, in  0.872 seconds
Domain Reload Profiling:
	ReloadAssembly (873ms)
		BeginReloadAssembly (140ms)
			ExecutionOrderSort (0ms)
			DisableScriptedObjects (0ms)
			BackupInstance (0ms)
			ReleaseScriptingObjects (0ms)
			CreateAndSetChildDomain (1ms)
		EndReloadAssembly (595ms)
			LoadAssemblies (136ms)
			RebuildTransferFunctionScriptingTraits (0ms)
			SetupTypeCache (123ms)
			ReleaseScriptCaches (0ms)
			RebuildScriptCaches (34ms)
			SetupLoadedEditorAssemblies (368ms)
				LogAssemblyErrors (0ms)
				InitializePlatformSupportModulesInManaged (14ms)
				SetLoadedEditorAssemblies (0ms)
				RefreshPlugins (74ms)
				BeforeProcessingInitializeOnLoad (2ms)
				ProcessInitializeOnLoadAttributes (199ms)
				ProcessInitializeOnLoadMethodAttributes (79ms)
				AfterProcessingInitializeOnLoad (0ms)
				EditorAssembliesLoaded (0ms)
			ExecutionOrderSort2 (0ms)
			AwakeInstancesAfterBackupRestoration (0ms)
Platform modules already initialized, skipping
Registering precompiled user dll's ...
Registered in 0.006573 seconds.
Begin MonoManager ReloadAssembly
Symbol file LoadedFromMemory doesn't match image C:\macabre island\POE\Horror Game POE\Library\PackageCache\com.unity.visualscripting@1.7.8\Editor\VisualScripting.Core\Dependencies\YamlDotNet\Unity.VisualScripting.YamlDotNet.dll
Symbol file LoadedFromMemory doesn't match image C:\macabre island\POE\Horror Game POE\Library\PackageCache\com.unity.visualscripting@1.7.8\Editor\VisualScripting.Core\Dependencies\DotNetZip\Unity.VisualScripting.IonicZip.dll
Native extension for WindowsStandalone target not found
Native extension for WebGL target not found
Refreshing native plugins compatible for Editor in 0.56 ms, found 1 plugins.
Preloading 0 native plugins for Editor in 0.00 ms.
Mono: successfully reloaded assembly
- Completed reload, in  0.769 seconds
Domain Reload Profiling:
	ReloadAssembly (769ms)
		BeginReloadAssembly (108ms)
			ExecutionOrderSort (0ms)
			DisableScriptedObjects (5ms)
			BackupInstance (0ms)
			ReleaseScriptingObjects (0ms)
			CreateAndSetChildDomain (19ms)
		EndReloadAssembly (558ms)
			LoadAssemblies (96ms)
			RebuildTransferFunctionScriptingTraits (0ms)
			SetupTypeCache (146ms)
			ReleaseScriptCaches (0ms)
			RebuildScriptCaches (33ms)
			SetupLoadedEditorAssemblies (256ms)
				LogAssemblyErrors (0ms)
				InitializePlatformSupportModulesInManaged (8ms)
				SetLoadedEditorAssemblies (0ms)
				RefreshPlugins (1ms)
				BeforeProcessingInitializeOnLoad (66ms)
				ProcessInitializeOnLoadAttributes (153ms)
				ProcessInitializeOnLoadMethodAttributes (15ms)
				AfterProcessingInitializeOnLoad (14ms)
				EditorAssembliesLoaded (0ms)
			ExecutionOrderSort2 (0ms)
			AwakeInstancesAfterBackupRestoration (12ms)
Platform modules already initialized, skipping
========================================================================
Worker process is ready to serve import requests
Launched and connected shader compiler UnityShaderCompiler.exe after 0.06 seconds
Refreshing native plugins compatible for Editor in 0.61 ms, found 1 plugins.
Preloading 0 native plugins for Editor in 0.00 ms.
Unloading 2865 Unused Serialized files (Serialized files now loaded: 0)
Unloading 22 unused Assets / (1.0 MB). Loaded Objects now: 3351.
Memory consumption went from 127.7 MB to 126.8 MB.
Total: 2.577900 ms (FindLiveObjects: 0.193300 ms CreateObjectMapping: 0.068700 ms MarkObjects: 2.036700 ms  DeleteObjects: 0.278500 ms)

AssetImportParameters requested are different than current active one (requested -> active):
  custom:video-decoder-ogg-theora: a1e56fd34408186e4bbccfd4996cb3dc -> 
  custom:container-muxer-webm: aa71ff27fc2769a1b78a27578f13a17b -> 
  custom:container-demuxer-webm: 4f35f7cbe854078d1ac9338744f61a02 -> 
  custom:video-encoder-webm-vp8: eb34c28f22e8b96e1ab97ce403110664 -> 
  custom:audio-encoder-webm-vorbis: bf7c407c2cedff20999df2af8eb42d56 -> 
  custom:framework-win-MediaFoundation: 216162199b28c13a410421893ffa2e32 -> 
  custom:container-demuxer-ogg: 62fdf1f143b41e24485cea50d1cbac27 -> 
  custom:video-decoder-webm-vp8: 9c59270c3fd7afecdb556c50c9e8de78 -> 
  custom:audio-decoder-ogg-vorbis: bf7c407c2cedff20999df2af8eb42d56 -> 
========================================================================
Received Import Request.
  Time since last request: 3633.966125 seconds.
  path: Packages/com.unity.timeline/Editor/StyleSheets/Images/LightSkin/TimelineStartPlayback.png
  artifactKey: Guid(824c4beb0ca6c934bbc7a26919302236) Importer(815301076,1909f56bfc062723c751e8b465ee728b)
Start importing Packages/com.unity.timeline/Editor/StyleSheets/Images/LightSkin/TimelineStartPlayback.png using Guid(824c4beb0ca6c934bbc7a26919302236) Importer(815301076,1909f56bfc062723c751e8b465ee728b)  -> (artifact id: 'e80485b9750bffa3839a8a66d5694529') in 0.085592 seconds 
========================================================================
Received Prepare
Registering precompiled user dll's ...
Registered in 0.004555 seconds.
Begin MonoManager ReloadAssembly
Symbol file LoadedFromMemory doesn't match image C:\macabre island\POE\Horror Game POE\Library\PackageCache\com.unity.visualscripting@1.7.8\Editor\VisualScripting.Core\Dependencies\YamlDotNet\Unity.VisualScripting.YamlDotNet.dll
Symbol file LoadedFromMemory doesn't match image C:\macabre island\POE\Horror Game POE\Library\PackageCache\com.unity.visualscripting@1.7.8\Editor\VisualScripting.Core\Dependencies\DotNetZip\Unity.VisualScripting.IonicZip.dll
Native extension for WindowsStandalone target not found
Native extension for WebGL target not found
Refreshing native plugins compatible for Editor in 0.95 ms, found 1 plugins.
Preloading 0 native plugins for Editor in 0.00 ms.
Mono: successfully reloaded assembly
- Completed reload, in  0.893 seconds
Domain Reload Profiling:
	ReloadAssembly (894ms)
		BeginReloadAssembly (126ms)
			ExecutionOrderSort (0ms)
			DisableScriptedObjects (4ms)
			BackupInstance (0ms)
			ReleaseScriptingObjects (0ms)
			CreateAndSetChildDomain (28ms)
		EndReloadAssembly (664ms)
			LoadAssemblies (91ms)
			RebuildTransferFunctionScriptingTraits (0ms)
			SetupTypeCache (220ms)
			ReleaseScriptCaches (2ms)
			RebuildScriptCaches (41ms)
			SetupLoadedEditorAssemblies (261ms)
				LogAssemblyErrors (0ms)
				InitializePlatformSupportModulesInManaged (16ms)
				SetLoadedEditorAssemblies (0ms)
				RefreshPlugins (1ms)
				BeforeProcessingInitializeOnLoad (68ms)
				ProcessInitializeOnLoadAttributes (139ms)
				ProcessInitializeOnLoadMethodAttributes (19ms)
				AfterProcessingInitializeOnLoad (16ms)
				EditorAssembliesLoaded (0ms)
			ExecutionOrderSort2 (0ms)
			AwakeInstancesAfterBackupRestoration (15ms)
Platform modules already initialized, skipping
Refreshing native plugins compatible for Editor in 2.14 ms, found 1 plugins.
Preloading 0 native plugins for Editor in 0.00 ms.
Unloading 2816 Unused Serialized files (Serialized files now loaded: 0)
Unloading 15 unused Assets / (0.9 MB). Loaded Objects now: 3357.
Memory consumption went from 123.2 MB to 122.3 MB.
Total: 4.381200 ms (FindLiveObjects: 0.468200 ms CreateObjectMapping: 0.246400 ms MarkObjects: 3.102900 ms  DeleteObjects: 0.562300 ms)

AssetImportParameters requested are different than current active one (requested -> active):
  custom:video-decoder-ogg-theora: a1e56fd34408186e4bbccfd4996cb3dc -> 
  custom:container-muxer-webm: aa71ff27fc2769a1b78a27578f13a17b -> 
  custom:container-demuxer-webm: 4f35f7cbe854078d1ac9338744f61a02 -> 
  custom:video-encoder-webm-vp8: eb34c28f22e8b96e1ab97ce403110664 -> 
  custom:audio-encoder-webm-vorbis: bf7c407c2cedff20999df2af8eb42d56 -> 
  custom:framework-win-MediaFoundation: 216162199b28c13a410421893ffa2e32 -> 
  custom:container-demuxer-ogg: 62fdf1f143b41e24485cea50d1cbac27 -> 
  custom:video-decoder-webm-vp8: 9c59270c3fd7afecdb556c50c9e8de78 -> 
  custom:audio-decoder-ogg-vorbis: bf7c407c2cedff20999df2af8eb42d56 -> 
========================================================================
Received Import Request.
  Time since last request: 742.010997 seconds.
  path: Assets/Flooded_Grounds/Content/Meshes/mBackgrounds/WaterPlane.fbx
  artifactKey: Guid(c292a97ca5b44af428ac393c78fd8b14) Importer(815301076,1909f56bfc062723c751e8b465ee728b)
Start importing Assets/Flooded_Grounds/Content/Meshes/mBackgrounds/WaterPlane.fbx using Guid(c292a97ca5b44af428ac393c78fd8b14) Importer(815301076,1909f56bfc062723c751e8b465ee728b)  -> (artifact id: '9a88977a40aafe752839e013e867a1cb') in 0.154817 seconds 
========================================================================
Received Import Request.
  Time since last request: 0.640106 seconds.
  path: Assets/Flooded_Grounds/Content/Meshes/mBuildings/mVilla2/Villa2_Wall_Mid_D.fbx
  artifactKey: Guid(0dafcec3076e9e143a3b8f59b6b64d86) Importer(815301076,1909f56bfc062723c751e8b465ee728b)
Start importing Assets/Flooded_Grounds/Content/Meshes/mBuildings/mVilla2/Villa2_Wall_Mid_D.fbx using Guid(0dafcec3076e9e143a3b8f59b6b64d86) Importer(815301076,1909f56bfc062723c751e8b465ee728b)  -> (artifact id: 'd27926a8b828d4a22801b025d771a57a') in 0.012294 seconds 
========================================================================
Received Import Request.
  Time since last request: 0.252384 seconds.
  path: Assets/Flooded_Grounds/Content/Meshes/mBuildings/mVilla2/Villa2_Wall_Mid_B.fbx
  artifactKey: Guid(4fc2427df03ba68419dd6f947c1e7e7d) Importer(815301076,1909f56bfc062723c751e8b465ee728b)
Start importing Assets/Flooded_Grounds/Content/Meshes/mBuildings/mVilla2/Villa2_Wall_Mid_B.fbx using Guid(4fc2427df03ba68419dd6f947c1e7e7d) Importer(815301076,1909f56bfc062723c751e8b465ee728b)  -> (artifact id: '6e1463602b8548c1d9fc2d645a53f055') in 0.011619 seconds 
========================================================================
Received Import Request.
  Time since last request: 0.000020 seconds.
  path: Assets/Flooded_Grounds/Content/Meshes/mBuildings/mVilla2/Villa2_Wall_Int_B.fbx
  artifactKey: Guid(c386420031e9c484182f7920f158c313) Importer(815301076,1909f56bfc062723c751e8b465ee728b)
Start importing Assets/Flooded_Grounds/Content/Meshes/mBuildings/mVilla2/Villa2_Wall_Int_B.fbx using Guid(c386420031e9c484182f7920f158c313) Importer(815301076,1909f56bfc062723c751e8b465ee728b)  -> (artifact id: '7516dd4792b0d1c262dd71531681c7d4') in 0.017261 seconds 
========================================================================
Received Import Request.
  Time since last request: 0.010099 seconds.
  path: Assets/Flooded_Grounds/Content/Meshes/mBuildings/mVilla2/Villa2_Wall_Int_A.fbx
  artifactKey: Guid(a79322822d34c9a439a2fbb5dc1d7ec5) Importer(815301076,1909f56bfc062723c751e8b465ee728b)
Start importing Assets/Flooded_Grounds/Content/Meshes/mBuildings/mVilla2/Villa2_Wall_Int_A.fbx using Guid(a79322822d34c9a439a2fbb5dc1d7ec5) Importer(815301076,1909f56bfc062723c751e8b465ee728b)  -> (artifact id: '74df7df48f8d34fc173af5b557d85af4') in 0.016160 seconds 
========================================================================
Received Import Request.
  Time since last request: 0.198829 seconds.
  path: Assets/Flooded_Grounds/Content/Meshes/mBuildings/mVilla2/Villa2_Wall_Ext_A.fbx
  artifactKey: Guid(3e780ebb357c2904895523ef05aba6e3) Importer(815301076,1909f56bfc062723c751e8b465ee728b)
Start importing Assets/Flooded_Grounds/Content/Meshes/mBuildings/mVilla2/Villa2_Wall_Ext_A.fbx using Guid(3e780ebb357c2904895523ef05aba6e3) Importer(815301076,1909f56bfc062723c751e8b465ee728b)  -> (artifact id: '0836793e3474395d38a0a4d14db2e80f') in 0.012876 seconds 
========================================================================
Received Import Request.
  Time since last request: 0.000032 seconds.
  path: Assets/Flooded_Grounds/Content/Meshes/mBuildings/mVilla2/Villa2_Wall_Cor_A.fbx
  artifactKey: Guid(82342e89cae02884288aff5809271912) Importer(815301076,1909f56bfc062723c751e8b465ee728b)
Start importing Assets/Flooded_Grounds/Content/Meshes/mBuildings/mVilla2/Villa2_Wall_Cor_A.fbx using Guid(82342e89cae02884288aff5809271912) Importer(815301076,1909f56bfc062723c751e8b465ee728b)  -> (artifact id: '6ea3bef3715b4ad226dca9d3be645a22') in 0.015873 seconds 
========================================================================
Received Import Request.
  Time since last request: 0.018226 seconds.
  path: Assets/Flooded_Grounds/Content/Meshes/mBuildings/mVilla2/Villa2_Top_Mid_A.fbx
  artifactKey: Guid(314209462b1ef6e4da2d2894045d62dd) Importer(815301076,1909f56bfc062723c751e8b465ee728b)
Start importing Assets/Flooded_Grounds/Content/Meshes/mBuildings/mVilla2/Villa2_Top_Mid_A.fbx using Guid(314209462b1ef6e4da2d2894045d62dd) Importer(815301076,1909f56bfc062723c751e8b465ee728b)  -> (artifact id: 'cf84efabab4f4ed4dc9945998a3b4870') in 0.013166 seconds 
========================================================================
Received Import Request.
  Time since last request: 0.000023 seconds.
  path: Assets/Flooded_Grounds/Content/Meshes/mBuildings/mVilla2/Villa2_Top_Cor_B.fbx
  artifactKey: Guid(671d5171ef0684740be6243a2fff6eb8) Importer(815301076,1909f56bfc062723c751e8b465ee728b)
Start importing Assets/Flooded_Grounds/Content/Meshes/mBuildings/mVilla2/Villa2_Top_Cor_B.fbx using Guid(671d5171ef0684740be6243a2fff6eb8) Importer(815301076,1909f56bfc062723c751e8b465ee728b)  -> (artifact id: '7f1e979ce432808223d86e605c927c35') in 0.014472 seconds 
========================================================================
Received Import Request.
  Time since last request: 0.000039 seconds.
  path: Assets/Flooded_Grounds/Content/Meshes/mBuildings/mVilla2/Villa2_Roof_Mid_A_4x.fbx
  artifactKey: Guid(aec74c8803cbf0f4db741e432cf1be24) Importer(815301076,1909f56bfc062723c751e8b465ee728b)
Start importing Assets/Flooded_Grounds/Content/Meshes/mBuildings/mVilla2/Villa2_Roof_Mid_A_4x.fbx using Guid(aec74c8803cbf0f4db741e432cf1be24) Importer(815301076,1909f56bfc062723c751e8b465ee728b)  -> (artifact id: '79a18ef01a0a940cc1e11d98baafa69f') in 0.015583 seconds 
========================================================================
Received Import Request.
  Time since last request: 0.162451 seconds.
  path: Assets/Flooded_Grounds/Content/Meshes/mBuildings/mVilla2/Villa2_IntStairs_B_COL.fbx
  artifactKey: Guid(ff5b3bb432adde946bb798fed576dfa6) Importer(815301076,1909f56bfc062723c751e8b465ee728b)
Start importing Assets/Flooded_Grounds/Content/Meshes/mBuildings/mVilla2/Villa2_IntStairs_B_COL.fbx using Guid(ff5b3bb432adde946bb798fed576dfa6) Importer(815301076,1909f56bfc062723c751e8b465ee728b)  -> (artifact id: 'd0b9c2a061927b853283131223f194f1') in 0.012979 seconds 
========================================================================
Received Import Request.
  Time since last request: 0.014551 seconds.
  path: Assets/Flooded_Grounds/Content/Meshes/mBuildings/mVilla2/Villa2_IntStairs_A_COL.fbx
  artifactKey: Guid(f3acf8c6d2709d747bec015a6281a927) Importer(815301076,1909f56bfc062723c751e8b465ee728b)
Start importing Assets/Flooded_Grounds/Content/Meshes/mBuildings/mVilla2/Villa2_IntStairs_A_COL.fbx using Guid(f3acf8c6d2709d747bec015a6281a927) Importer(815301076,1909f56bfc062723c751e8b465ee728b)  -> (artifact id: 'bdb7fdb1617b2dd574ee2356e0080805') in 0.013991 seconds 
========================================================================
Received Import Request.
  Time since last request: 0.000038 seconds.
  path: Assets/Flooded_Grounds/Content/Meshes/mBuildings/mVilla2/Villa2_Floor_Mid_A_4x.fbx
  artifactKey: Guid(0b790806c6256594b9fe80ac567508b3) Importer(815301076,1909f56bfc062723c751e8b465ee728b)
Start importing Assets/Flooded_Grounds/Content/Meshes/mBuildings/mVilla2/Villa2_Floor_Mid_A_4x.fbx using Guid(0b790806c6256594b9fe80ac567508b3) Importer(815301076,1909f56bfc062723c751e8b465ee728b)  -> (artifact id: 'da8dd3884577250bc5f75e149fda844d') in 0.013671 seconds 
========================================================================
Received Import Request.
  Time since last request: 0.007278 seconds.
  path: Assets/Flooded_Grounds/Content/Meshes/mBuildings/mVilla2/Villa2_Floor_Mid_A.fbx
  artifactKey: Guid(b8aad3ed58473334d9381ade6fb19780) Importer(815301076,1909f56bfc062723c751e8b465ee728b)
Start importing Assets/Flooded_Grounds/Content/Meshes/mBuildings/mVilla2/Villa2_Floor_Mid_A.fbx using Guid(b8aad3ed58473334d9381ade6fb19780) Importer(815301076,1909f56bfc062723c751e8b465ee728b)  -> (artifact id: '34b89c003d14814f7c10d99643b17477') in 0.013521 seconds 
========================================================================
Received Import Request.
  Time since last request: 0.000020 seconds.
  path: Assets/Flooded_Grounds/Content/Meshes/mBuildings/mVilla2/Villa2_Deco_WindowGlass_A.fbx
  artifactKey: Guid(b4107ce16c2641447bb94ba8e62edb98) Importer(815301076,1909f56bfc062723c751e8b465ee728b)
Start importing Assets/Flooded_Grounds/Content/Meshes/mBuildings/mVilla2/Villa2_Deco_WindowGlass_A.fbx using Guid(b4107ce16c2641447bb94ba8e62edb98) Importer(815301076,1909f56bfc062723c751e8b465ee728b)  -> (artifact id: '0c8af5a023ede20782ea9e079d6dd524') in 0.015611 seconds 
========================================================================
Received Import Request.
  Time since last request: 0.172840 seconds.
  path: Assets/Flooded_Grounds/Content/Meshes/mBuildings/mVilla2/Villa2_Deco_RoofPiece_D.fbx
  artifactKey: Guid(f192cad3e364e1648bd09b399d502f1b) Importer(815301076,1909f56bfc062723c751e8b465ee728b)
Start importing Assets/Flooded_Grounds/Content/Meshes/mBuildings/mVilla2/Villa2_Deco_RoofPiece_D.fbx using Guid(f192cad3e364e1648bd09b399d502f1b) Importer(815301076,1909f56bfc062723c751e8b465ee728b)  -> (artifact id: 'efd6b58b3a752d90f6fe06b349f1f25e') in 0.012837 seconds 
========================================================================
Received Import Request.
  Time since last request: 0.000017 seconds.
  path: Assets/Flooded_Grounds/Content/Meshes/mBuildings/mVilla2/Villa2_Deco_RoofPiece_B.fbx
  artifactKey: Guid(9626f55af6a81174a952bd5cdd7d6fb1) Importer(815301076,1909f56bfc062723c751e8b465ee728b)
Start importing Assets/Flooded_Grounds/Content/Meshes/mBuildings/mVilla2/Villa2_Deco_RoofPiece_B.fbx using Guid(9626f55af6a81174a952bd5cdd7d6fb1) Importer(815301076,1909f56bfc062723c751e8b465ee728b)  -> (artifact id: '91f024cfecda76df6995e73b9fb82f96') in 0.016034 seconds 
========================================================================
Received Import Request.
  Time since last request: 0.007227 seconds.
  path: Assets/Flooded_Grounds/Content/Meshes/mBuildings/mVilla2/Villa2_Deco_Handrail1_Mid_A_DM.fbx
  artifactKey: Guid(eb3d997ec2fd70045be2ef32ef3c5e03) Importer(815301076,1909f56bfc062723c751e8b465ee728b)
Start importing Assets/Flooded_Grounds/Content/Meshes/mBuildings/mVilla2/Villa2_Deco_Handrail1_Mid_A_DM.fbx using Guid(eb3d997ec2fd70045be2ef32ef3c5e03) Importer(815301076,1909f56bfc062723c751e8b465ee728b)  -> (artifact id: 'c320b9f3441ca6027ddf8159d064c900') in 0.013917 seconds 
========================================================================
Received Import Request.
  Time since last request: 0.000019 seconds.
  path: Assets/Flooded_Grounds/Content/Meshes/mBuildings/mVilla2/Villa2_Deco_Handrail1_Cor_B_COL.fbx
  artifactKey: Guid(415ea436dd055ab42bd74d612bd80d0c) Importer(815301076,1909f56bfc062723c751e8b465ee728b)
Start importing Assets/Flooded_Grounds/Content/Meshes/mBuildings/mVilla2/Villa2_Deco_Handrail1_Cor_B_COL.fbx using Guid(415ea436dd055ab42bd74d612bd80d0c) Importer(815301076,1909f56bfc062723c751e8b465ee728b)  -> (artifact id: '8b02712657226e47d4348b67c0d21d39') in 0.011022 seconds 
========================================================================
Received Import Request.
  Time since last request: 0.174818 seconds.
  path: Assets/Flooded_Grounds/Content/Meshes/mBuildings/mVilla2/Villa2_Deco_Handrail1_Cor_B.fbx
  artifactKey: Guid(9dd5a77d2224725479a6aa241511c79c) Importer(815301076,1909f56bfc062723c751e8b465ee728b)
Start importing Assets/Flooded_Grounds/Content/Meshes/mBuildings/mVilla2/Villa2_Deco_Handrail1_Cor_B.fbx using Guid(9dd5a77d2224725479a6aa241511c79c) Importer(815301076,1909f56bfc062723c751e8b465ee728b)  -> (artifact id: '0122ccd8c310e3e81df973fa7f7e5744') in 0.017551 seconds 
========================================================================
Received Import Request.
  Time since last request: 0.013382 seconds.
  path: Assets/Flooded_Grounds/Content/Meshes/mBuildings/mVilla2/Villa2_Deco_Column_Mid_B.fbx
  artifactKey: Guid(1cc770c065d8ef34fa49da4e6d1386e1) Importer(815301076,1909f56bfc062723c751e8b465ee728b)
Start importing Assets/Flooded_Grounds/Content/Meshes/mBuildings/mVilla2/Villa2_Deco_Column_Mid_B.fbx using Guid(1cc770c065d8ef34fa49da4e6d1386e1) Importer(815301076,1909f56bfc062723c751e8b465ee728b)  -> (artifact id: 'd379c323618dc6bbfe79dd15caf31a67') in 0.015175 seconds 
========================================================================
Received Import Request.
  Time since last request: 0.000030 seconds.
  path: Assets/Flooded_Grounds/Content/Meshes/mBuildings/mVilla2/Villa2_Deco_Column_Top_B.fbx
  artifactKey: Guid(aeb5a60918fa7f044a31aec548feabe7) Importer(815301076,1909f56bfc062723c751e8b465ee728b)
Start importing Assets/Flooded_Grounds/Content/Meshes/mBuildings/mVilla2/Villa2_Deco_Column_Top_B.fbx using Guid(aeb5a60918fa7f044a31aec548feabe7) Importer(815301076,1909f56bfc062723c751e8b465ee728b)  -> (artifact id: 'bc19d5acedfc3c849ef2437c610dc1d2') in 0.017591 seconds 
========================================================================
Received Import Request.
  Time since last request: 0.000050 seconds.
  path: Assets/Flooded_Grounds/Content/Meshes/mBuildings/mVilla2/Villa2_Deco_Column_Mid_A.fbx
  artifactKey: Guid(94a4dae0316550a4e9e4c2b30543c7bd) Importer(815301076,1909f56bfc062723c751e8b465ee728b)
Start importing Assets/Flooded_Grounds/Content/Meshes/mBuildings/mVilla2/Villa2_Deco_Column_Mid_A.fbx using Guid(94a4dae0316550a4e9e4c2b30543c7bd) Importer(815301076,1909f56bfc062723c751e8b465ee728b)  -> (artifact id: 'c9c229f1efe0d9d16ae00aa89363c11e') in 0.015818 seconds 
========================================================================
Received Import Request.
  Time since last request: 0.000049 seconds.
  path: Assets/Flooded_Grounds/Content/Meshes/mBuildings/mVilla2/Villa2_Deco_Chimney_A.fbx
  artifactKey: Guid(d1a841b429734634bad036e6ce13cbae) Importer(815301076,1909f56bfc062723c751e8b465ee728b)
Start importing Assets/Flooded_Grounds/Content/Meshes/mBuildings/mVilla2/Villa2_Deco_Chimney_A.fbx using Guid(d1a841b429734634bad036e6ce13cbae) Importer(815301076,1909f56bfc062723c751e8b465ee728b)  -> (artifact id: '1403f058cf19e176f2b762750968dd59') in 0.016699 seconds 
========================================================================
Received Import Request.
  Time since last request: 0.000027 seconds.
  path: Assets/Flooded_Grounds/Content/Meshes/mBuildings/mVilla2/Villa2_Deco_Beam_A.fbx
  artifactKey: Guid(a0fa73e6df51a784a9fc348c8822f879) Importer(815301076,1909f56bfc062723c751e8b465ee728b)
Start importing Assets/Flooded_Grounds/Content/Meshes/mBuildings/mVilla2/Villa2_Deco_Beam_A.fbx using Guid(a0fa73e6df51a784a9fc348c8822f879) Importer(815301076,1909f56bfc062723c751e8b465ee728b)  -> (artifact id: '82c6f2e8721de2eaa0c9e32aaba6d056') in 0.017714 seconds 
========================================================================
Received Import Request.
  Time since last request: 0.145911 seconds.
  path: Assets/Flooded_Grounds/Content/Meshes/mBuildings/mVilla2/Villa2_Base_Mid_B.fbx
  artifactKey: Guid(d4b17371331d7a448a1cda529133e8dc) Importer(815301076,1909f56bfc062723c751e8b465ee728b)
Start importing Assets/Flooded_Grounds/Content/Meshes/mBuildings/mVilla2/Villa2_Base_Mid_B.fbx using Guid(d4b17371331d7a448a1cda529133e8dc) Importer(815301076,1909f56bfc062723c751e8b465ee728b)  -> (artifact id: 'b8f874a33b43e37081836ac874006e87') in 0.012540 seconds 
========================================================================
Received Import Request.
  Time since last request: 0.000019 seconds.
  path: Assets/Flooded_Grounds/Content/Meshes/mBuildings/mVilla2/Villa2_Base_Ext_A.fbx
  artifactKey: Guid(74f74144f25a604449bde17ae6646801) Importer(815301076,1909f56bfc062723c751e8b465ee728b)
Start importing Assets/Flooded_Grounds/Content/Meshes/mBuildings/mVilla2/Villa2_Base_Ext_A.fbx using Guid(74f74144f25a604449bde17ae6646801) Importer(815301076,1909f56bfc062723c751e8b465ee728b)  -> (artifact id: '0b648b54844a3c42a686d3545c8c80d1') in 0.016296 seconds 
========================================================================
Received Import Request.
  Time since last request: 0.000022 seconds.
  path: Assets/Flooded_Grounds/Content/Meshes/mBuildings/mVilla2/Villa2_Base_Cor_A.fbx
  artifactKey: Guid(473e0550bfcf5744d908d07506e67a7d) Importer(815301076,1909f56bfc062723c751e8b465ee728b)
Start importing Assets/Flooded_Grounds/Content/Meshes/mBuildings/mVilla2/Villa2_Base_Cor_A.fbx using Guid(473e0550bfcf5744d908d07506e67a7d) Importer(815301076,1909f56bfc062723c751e8b465ee728b)  -> (artifact id: '8db12e7fac74c14374b10e3293efb480') in 0.018610 seconds 
========================================================================
Received Import Request.
  Time since last request: 0.000034 seconds.
  path: Assets/Flooded_Grounds/Content/Meshes/mBuildings/mVilla1/Villa1_Wall_Mid_C.fbx
  artifactKey: Guid(bb90ea7b393003a4fadde51d212de48d) Importer(815301076,1909f56bfc062723c751e8b465ee728b)
Start importing Assets/Flooded_Grounds/Content/Meshes/mBuildings/mVilla1/Villa1_Wall_Mid_C.fbx using Guid(bb90ea7b393003a4fadde51d212de48d) Importer(815301076,1909f56bfc062723c751e8b465ee728b)  -> (artifact id: 'bd72fe27407d8b52ae008dda36cb8c21') in 0.016729 seconds 
========================================================================
Received Import Request.
  Time since last request: 0.000031 seconds.
  path: Assets/Flooded_Grounds/Content/Meshes/mBuildings/mVilla1/Villa1_Wall_Mid_B.fbx
  artifactKey: Guid(fd23624531a719f44a4bf443aabeedb2) Importer(815301076,1909f56bfc062723c751e8b465ee728b)
Start importing Assets/Flooded_Grounds/Content/Meshes/mBuildings/mVilla1/Villa1_Wall_Mid_B.fbx using Guid(fd23624531a719f44a4bf443aabeedb2) Importer(815301076,1909f56bfc062723c751e8b465ee728b)  -> (artifact id: 'bd9d5544c214241673da383b8931dc0c') in 0.014910 seconds 
========================================================================
Received Import Request.
  Time since last request: 0.000028 seconds.
  path: Assets/Flooded_Grounds/Content/Meshes/mBuildings/mVilla1/Villa1_Wall_Int_B.fbx
  artifactKey: Guid(ead2e73ec878f8b42a73e03ff67ff596) Importer(815301076,1909f56bfc062723c751e8b465ee728b)
Start importing Assets/Flooded_Grounds/Content/Meshes/mBuildings/mVilla1/Villa1_Wall_Int_B.fbx using Guid(ead2e73ec878f8b42a73e03ff67ff596) Importer(815301076,1909f56bfc062723c751e8b465ee728b)  -> (artifact id: '0974150a276b500b4e866441cc5dff5f') in 0.015530 seconds 
========================================================================
Received Import Request.
  Time since last request: 0.156160 seconds.
  path: Assets/Flooded_Grounds/Content/Meshes/mBuildings/mVilla1/Villa1_Wall_Cor_B.fbx
  artifactKey: Guid(59edf5b2f82448443931710724bdde9e) Importer(815301076,1909f56bfc062723c751e8b465ee728b)
Start importing Assets/Flooded_Grounds/Content/Meshes/mBuildings/mVilla1/Villa1_Wall_Cor_B.fbx using Guid(59edf5b2f82448443931710724bdde9e) Importer(815301076,1909f56bfc062723c751e8b465ee728b)  -> (artifact id: '62a4b05509b8849875003aad9a650afa') in 0.013144 seconds 
========================================================================
Received Import Request.
  Time since last request: 0.000023 seconds.
  path: Assets/Flooded_Grounds/Content/Meshes/mBuildings/mVilla1/Villa1_Top_Mid_B.fbx
  artifactKey: Guid(a4da64e6469ddb849af32c4433af3855) Importer(815301076,1909f56bfc062723c751e8b465ee728b)
Start importing Assets/Flooded_Grounds/Content/Meshes/mBuildings/mVilla1/Villa1_Top_Mid_B.fbx using Guid(a4da64e6469ddb849af32c4433af3855) Importer(815301076,1909f56bfc062723c751e8b465ee728b)  -> (artifact id: 'a316d360490887ecfaae26fca3a6c9a9') in 0.018767 seconds 
========================================================================
Received Import Request.
  Time since last request: 0.010059 seconds.
  path: Assets/Flooded_Grounds/Content/Meshes/mBuildings/mVilla1/Villa1_Roof_Mid_B.fbx
  artifactKey: Guid(cf10e39299852b544be470cecaf8e520) Importer(815301076,1909f56bfc062723c751e8b465ee728b)
Start importing Assets/Flooded_Grounds/Content/Meshes/mBuildings/mVilla1/Villa1_Roof_Mid_B.fbx using Guid(cf10e39299852b544be470cecaf8e520) Importer(815301076,1909f56bfc062723c751e8b465ee728b)  -> (artifact id: '20dcfec792ab8bce016fd7bb60c458a6') in 0.018524 seconds 
========================================================================
Received Import Request.
  Time since last request: 0.000026 seconds.
  path: Assets/Flooded_Grounds/Content/Meshes/mBuildings/mVilla1/Villa1_Top_Cor1.fbx
  artifactKey: Guid(a8348a8caf68b214e8b9aced3556e8bb) Importer(815301076,1909f56bfc062723c751e8b465ee728b)
Start importing Assets/Flooded_Grounds/Content/Meshes/mBuildings/mVilla1/Villa1_Top_Cor1.fbx using Guid(a8348a8caf68b214e8b9aced3556e8bb) Importer(815301076,1909f56bfc062723c751e8b465ee728b)  -> (artifact id: '8ddc25c504c97c6023ee88d4fb65f63a') in 0.016390 seconds 
========================================================================
Received Import Request.
  Time since last request: 0.000021 seconds.
  path: Assets/Flooded_Grounds/Content/Meshes/mBuildings/mVilla1/Villa1_IntStairs_B.fbx
  artifactKey: Guid(9de9307c0f2bea9419004289b86b255d) Importer(815301076,1909f56bfc062723c751e8b465ee728b)
Start importing Assets/Flooded_Grounds/Content/Meshes/mBuildings/mVilla1/Villa1_IntStairs_B.fbx using Guid(9de9307c0f2bea9419004289b86b255d) Importer(815301076,1909f56bfc062723c751e8b465ee728b)  -> (artifact id: '5a563b1e21993fda543294b97ca92191') in 0.016299 seconds 
========================================================================
Received Import Request.
  Time since last request: 0.176958 seconds.
  path: Assets/Flooded_Grounds/Content/Meshes/mBuildings/mVilla1/Villa1_IntStairs_A_COL.fbx
  artifactKey: Guid(866dc36537d3fbc4b85b2c6482d97135) Importer(815301076,1909f56bfc062723c751e8b465ee728b)
Start importing Assets/Flooded_Grounds/Content/Meshes/mBuildings/mVilla1/Villa1_IntStairs_A_COL.fbx using Guid(866dc36537d3fbc4b85b2c6482d97135) Importer(815301076,1909f56bfc062723c751e8b465ee728b)  -> (artifact id: '10f8b6935d0870f3f5f51a2bdc347141') in 0.013080 seconds 
========================================================================
Received Import Request.
  Time since last request: 0.000025 seconds.
  path: Assets/Flooded_Grounds/Content/Meshes/mBuildings/mVilla1/Villa1_Floor_Mid_C.fbx
  artifactKey: Guid(fbdc0b46211af014dbc348bcceba3018) Importer(815301076,1909f56bfc062723c751e8b465ee728b)
Start importing Assets/Flooded_Grounds/Content/Meshes/mBuildings/mVilla1/Villa1_Floor_Mid_C.fbx using Guid(fbdc0b46211af014dbc348bcceba3018) Importer(815301076,1909f56bfc062723c751e8b465ee728b)  -> (artifact id: '171acee125e73614f0a0ebd24a4cc6ac') in 0.015538 seconds 
========================================================================
Received Import Request.
  Time since last request: 0.008503 seconds.
  path: Assets/Flooded_Grounds/Content/Meshes/mBuildings/mVilla1/Villa1_Floor_Mid_B.fbx
  artifactKey: Guid(a8c5be48229be9341b36a57934f9ea49) Importer(815301076,1909f56bfc062723c751e8b465ee728b)
Start importing Assets/Flooded_Grounds/Content/Meshes/mBuildings/mVilla1/Villa1_Floor_Mid_B.fbx using Guid(a8c5be48229be9341b36a57934f9ea49) Importer(815301076,1909f56bfc062723c751e8b465ee728b)  -> (artifact id: '736c2144eec5fd28a15910020a682461') in 0.014677 seconds 
========================================================================
Received Import Request.
  Time since last request: 0.000028 seconds.
  path: Assets/Flooded_Grounds/Content/Meshes/mBuildings/mVilla1/Villa1_Floor_Mid_A.fbx
  artifactKey: Guid(2d0a5922ec5df8744a7ee8432238ba3a) Importer(815301076,1909f56bfc062723c751e8b465ee728b)
Start importing Assets/Flooded_Grounds/Content/Meshes/mBuildings/mVilla1/Villa1_Floor_Mid_A.fbx using Guid(2d0a5922ec5df8744a7ee8432238ba3a) Importer(815301076,1909f56bfc062723c751e8b465ee728b)  -> (artifact id: 'c9d59bd84f92fd9c29b021cabeff03c9') in 0.013812 seconds 
========================================================================
Received Import Request.
  Time since last request: 0.007233 seconds.
  path: Assets/Flooded_Grounds/Content/Meshes/mBuildings/mVilla1/Villa1_Ext_B.fbx
  artifactKey: Guid(3f8a4d9756e417441a95a1013bd3c8b5) Importer(815301076,1909f56bfc062723c751e8b465ee728b)
Start importing Assets/Flooded_Grounds/Content/Meshes/mBuildings/mVilla1/Villa1_Ext_B.fbx using Guid(3f8a4d9756e417441a95a1013bd3c8b5) Importer(815301076,1909f56bfc062723c751e8b465ee728b)  -> (artifact id: 'b0d088e5e46eb207e2b516debc9aebe1') in 0.017302 seconds 
========================================================================
Received Import Request.
  Time since last request: 0.130939 seconds.
  path: Assets/Flooded_Grounds/Content/Meshes/mBuildings/mVilla1/Villa1_Ext_A.fbx
  artifactKey: Guid(d4f6d897a9fc78244bb719468f1569c0) Importer(815301076,1909f56bfc062723c751e8b465ee728b)
Start importing Assets/Flooded_Grounds/Content/Meshes/mBuildings/mVilla1/Villa1_Ext_A.fbx using Guid(d4f6d897a9fc78244bb719468f1569c0) Importer(815301076,1909f56bfc062723c751e8b465ee728b)  -> (artifact id: 'd361370d3780b69b54ae1f8539d4cc85') in 0.013240 seconds 
========================================================================
Received Import Request.
  Time since last request: 0.031248 seconds.
  path: Assets/Flooded_Grounds/Content/Meshes/mBuildings/mVilla1/Villa1_Deco_WindowGlass_B.fbx
  artifactKey: Guid(2fb8692a37585c547af0e7d90026381d) Importer(815301076,1909f56bfc062723c751e8b465ee728b)
Start importing Assets/Flooded_Grounds/Content/Meshes/mBuildings/mVilla1/Villa1_Deco_WindowGlass_B.fbx using Guid(2fb8692a37585c547af0e7d90026381d) Importer(815301076,1909f56bfc062723c751e8b465ee728b)  -> (artifact id: 'd0d8b924452fc5c81bd1cd907b1d72f4') in 0.011669 seconds 
========================================================================
Received Import Request.
  Time since last request: 0.000019 seconds.
  path: Assets/Flooded_Grounds/Content/Meshes/mBuildings/mVilla1/Villa1_Deco_IntDivider_A.fbx
  artifactKey: Guid(6e620a913db90694a9a58b3392d3688d) Importer(815301076,1909f56bfc062723c751e8b465ee728b)
Start importing Assets/Flooded_Grounds/Content/Meshes/mBuildings/mVilla1/Villa1_Deco_IntDivider_A.fbx using Guid(6e620a913db90694a9a58b3392d3688d) Importer(815301076,1909f56bfc062723c751e8b465ee728b)  -> (artifact id: 'e460628c51b306896b3467c9c2be2250') in 0.015962 seconds 
========================================================================
Received Import Request.
  Time since last request: 0.000024 seconds.
  path: Assets/Flooded_Grounds/Content/Meshes/mBuildings/mVilla1/Villa1_Deco_WindowGlass_C.fbx
  artifactKey: Guid(6afaa8d7b325f4b468c5db0d0cf0d3b4) Importer(815301076,1909f56bfc062723c751e8b465ee728b)
Start importing Assets/Flooded_Grounds/Content/Meshes/mBuildings/mVilla1/Villa1_Deco_WindowGlass_C.fbx using Guid(6afaa8d7b325f4b468c5db0d0cf0d3b4) Importer(815301076,1909f56bfc062723c751e8b465ee728b)  -> (artifact id: '5beeeea24e110a623b8a56caf5693489') in 0.017586 seconds 
========================================================================
Received Import Request.
  Time since last request: 0.000023 seconds.
  path: Assets/Flooded_Grounds/Content/Meshes/mBuildings/mVilla1/Villa1_Deco_Handrail1_Mid_A.fbx
  artifactKey: Guid(6a7c44512bf914d4b8dcbba24c18036d) Importer(815301076,1909f56bfc062723c751e8b465ee728b)
Start importing Assets/Flooded_Grounds/Content/Meshes/mBuildings/mVilla1/Villa1_Deco_Handrail1_Mid_A.fbx using Guid(6a7c44512bf914d4b8dcbba24c18036d) Importer(815301076,1909f56bfc062723c751e8b465ee728b)  -> (artifact id: 'e684bcdb1ffe9f8831dc5bf6015a1c4b') in 0.014674 seconds 
========================================================================
Received Import Request.
  Time since last request: 0.144011 seconds.
  path: Assets/Flooded_Grounds/Content/Meshes/mBuildings/mVilla1/Villa1_Deco_Handrail1_Cor_A.fbx
  artifactKey: Guid(d895d8176d5919c4d9768b82383a749f) Importer(815301076,1909f56bfc062723c751e8b465ee728b)
Start importing Assets/Flooded_Grounds/Content/Meshes/mBuildings/mVilla1/Villa1_Deco_Handrail1_Cor_A.fbx using Guid(d895d8176d5919c4d9768b82383a749f) Importer(815301076,1909f56bfc062723c751e8b465ee728b)  -> (artifact id: '084f67af200349d489e708c57f9099d3') in 0.013086 seconds 
========================================================================
Received Import Request.
  Time since last request: 0.023586 seconds.
  path: Assets/Flooded_Grounds/Content/Meshes/mBuildings/mVilla1/Villa1_Deco_Deco_Beam_A.fbx
  artifactKey: Guid(aff3a4c3ec4f85946aec6f79aa265e8b) Importer(815301076,1909f56bfc062723c751e8b465ee728b)
Start importing Assets/Flooded_Grounds/Content/Meshes/mBuildings/mVilla1/Villa1_Deco_Deco_Beam_A.fbx using Guid(aff3a4c3ec4f85946aec6f79aa265e8b) Importer(815301076,1909f56bfc062723c751e8b465ee728b)  -> (artifact id: '98ae17949d891e42a64fb7644f64004b') in 0.013054 seconds 
========================================================================
Received Import Request.
  Time since last request: 0.000028 seconds.
  path: Assets/Flooded_Grounds/Content/Meshes/mBuildings/mVilla1/Villa1_Base_Stairs_A.fbx
  artifactKey: Guid(6ffd7e9a2e2250941b5ab74292e78c27) Importer(815301076,1909f56bfc062723c751e8b465ee728b)
Start importing Assets/Flooded_Grounds/Content/Meshes/mBuildings/mVilla1/Villa1_Base_Stairs_A.fbx using Guid(6ffd7e9a2e2250941b5ab74292e78c27) Importer(815301076,1909f56bfc062723c751e8b465ee728b)  -> (artifact id: '9bbc6c1522e9ef7a4455fcd85de89733') in 0.018152 seconds 
========================================================================
Received Import Request.
  Time since last request: 0.000085 seconds.
  path: Assets/Flooded_Grounds/Content/Meshes/mBuildings/mVilla1/Villa1_Deco_Column_Top_A.fbx
  artifactKey: Guid(b9a58136eccdcba49a7bb3b09b3036da) Importer(815301076,1909f56bfc062723c751e8b465ee728b)
Start importing Assets/Flooded_Grounds/Content/Meshes/mBuildings/mVilla1/Villa1_Deco_Column_Top_A.fbx using Guid(b9a58136eccdcba49a7bb3b09b3036da) Importer(815301076,1909f56bfc062723c751e8b465ee728b)  -> (artifact id: '1a19392d06267682e672fcb426604271') in 0.015036 seconds 
========================================================================
Received Import Request.
  Time since last request: 0.000028 seconds.
  path: Assets/Flooded_Grounds/Content/Meshes/mBuildings/mVilla1/Villa1_Base_Cor_A.fbx
  artifactKey: Guid(b3455d6da5e02d44280a92b0464d7580) Importer(815301076,1909f56bfc062723c751e8b465ee728b)
Start importing Assets/Flooded_Grounds/Content/Meshes/mBuildings/mVilla1/Villa1_Base_Cor_A.fbx using Guid(b3455d6da5e02d44280a92b0464d7580) Importer(815301076,1909f56bfc062723c751e8b465ee728b)  -> (artifact id: '819a6378f3b28bc205bcfb571956a5f9') in 0.018113 seconds 
========================================================================
Received Import Request.
  Time since last request: 0.170369 seconds.
  path: Assets/Flooded_Grounds/Content/Meshes/mBuildings/mStructures/Struct_WoodBoard_A.fbx
  artifactKey: Guid(f68bb980a76c51c47b409d79a806f367) Importer(815301076,1909f56bfc062723c751e8b465ee728b)
Start importing Assets/Flooded_Grounds/Content/Meshes/mBuildings/mStructures/Struct_WoodBoard_A.fbx using Guid(f68bb980a76c51c47b409d79a806f367) Importer(815301076,1909f56bfc062723c751e8b465ee728b)  -> (artifact id: 'a1a5dd2fc5748c9f786dc6b1cffd9729') in 0.012882 seconds 
========================================================================
Received Import Request.
  Time since last request: 0.029912 seconds.
  path: Assets/Flooded_Grounds/Content/Meshes/mBuildings/mStructures/Struct_Roundabout_A.fbx
  artifactKey: Guid(252ea566efa16964db6209b227a7281d) Importer(815301076,1909f56bfc062723c751e8b465ee728b)
Start importing Assets/Flooded_Grounds/Content/Meshes/mBuildings/mStructures/Struct_Roundabout_A.fbx using Guid(252ea566efa16964db6209b227a7281d) Importer(815301076,1909f56bfc062723c751e8b465ee728b)  -> (artifact id: '3a9bc24df891aca130fbe889abf8ac7c') in 0.017226 seconds 
Editor requested this worker to shutdown with reason: Scaling down because of idle timeout
AssetImportWorker is now disconnected from the server
Process exiting
Exiting without the bug reporter. Application will terminate with return code 0